<?xml version="1.0" encoding="UTF-8"?>
<testng-results skipped="1" failed="1" total="6" passed="4">
  <reporter-output>
  </reporter-output>
  <suite name="Suite" duration-ms="11911" started-at="2016-07-01T10:37:56Z" finished-at="2016-07-01T10:38:08Z">
    <groups>
    </groups>
    <test name="Test" duration-ms="11911" started-at="2016-07-01T10:37:56Z" finished-at="2016-07-01T10:38:08Z">
      <class name="testNG_Log_Listeners.Sample_ListenerClass">
        <test-method status="PASS" signature="Navigating_Browser()[pri:0, instance:testNG_Log_Listeners.Sample_ListenerClass@2471cca7]" name="Navigating_Browser" duration-ms="3911" started-at="2016-07-01T16:07:56Z" finished-at="2016-07-01T16:08:00Z">
          <reporter-output>
          </reporter-output>
        </test-method> <!-- Navigating_Browser -->
        <test-method status="FAIL" signature="Division()[pri:0, instance:testNG_Log_Listeners.Sample_ListenerClass@2471cca7]" name="Division" duration-ms="2985" started-at="2016-07-01T16:08:00Z" finished-at="2016-07-01T16:08:03Z">
          <exception class="org.openqa.selenium.NoSuchElementException">
            <message>
              <![CDATA[Unable to locate element: {"method":"xpath","selector":"/html/body/div[3]/div[1]/div[4]/a[2]/span[2]"}
Command duration or timeout: 2.98 seconds
For documentation on this error, please visit: http://seleniumhq.org/exceptions/no_such_element.html
Build info: version: '2.48.2', revision: '41bccdd', time: '2015-10-09 19:59:12'
System info: host: 'nirmala-pc', ip: '10.10.111.127', os.name: 'Windows 10', os.arch: 'amd64', os.version: '10.0', java.version: '1.8.0_73'
Driver info: org.openqa.selenium.firefox.FirefoxDriver
Capabilities [{applicationCacheEnabled=true, rotatable=false, handlesAlerts=true, databaseEnabled=true, version=44.0, platform=WINDOWS, nativeEvents=false, acceptSslCerts=true, webStorageEnabled=true, locationContextEnabled=true, browserName=firefox, takesScreenshot=true, javascriptEnabled=true, cssSelectorsEnabled=true}]
Session ID: 335d00fa-597f-421c-bce6-bc57155f869a
*** Element info: {Using=xpath, value=/html/body/div[3]/div[1]/div[4]/a[2]/span[2]}]]>
            </message>
            <full-stacktrace>
              <![CDATA[org.openqa.selenium.NoSuchElementException: Unable to locate element: {"method":"xpath","selector":"/html/body/div[3]/div[1]/div[4]/a[2]/span[2]"}
Command duration or timeout: 2.98 seconds
For documentation on this error, please visit: http://seleniumhq.org/exceptions/no_such_element.html
Build info: version: '2.48.2', revision: '41bccdd', time: '2015-10-09 19:59:12'
System info: host: 'nirmala-pc', ip: '10.10.111.127', os.name: 'Windows 10', os.arch: 'amd64', os.version: '10.0', java.version: '1.8.0_73'
Driver info: org.openqa.selenium.firefox.FirefoxDriver
Capabilities [{applicationCacheEnabled=true, rotatable=false, handlesAlerts=true, databaseEnabled=true, version=44.0, platform=WINDOWS, nativeEvents=false, acceptSslCerts=true, webStorageEnabled=true, locationContextEnabled=true, browserName=firefox, takesScreenshot=true, javascriptEnabled=true, cssSelectorsEnabled=true}]
Session ID: 335d00fa-597f-421c-bce6-bc57155f869a
*** Element info: {Using=xpath, value=/html/body/div[3]/div[1]/div[4]/a[2]/span[2]}
	at sun.reflect.NativeConstructorAccessorImpl.newInstance0(Native Method)
	at sun.reflect.NativeConstructorAccessorImpl.newInstance(Unknown Source)
	at sun.reflect.DelegatingConstructorAccessorImpl.newInstance(Unknown Source)
	at java.lang.reflect.Constructor.newInstance(Unknown Source)
	at org.openqa.selenium.remote.ErrorHandler.createThrowable(ErrorHandler.java:206)
	at org.openqa.selenium.remote.ErrorHandler.throwIfResponseFailed(ErrorHandler.java:158)
	at org.openqa.selenium.remote.RemoteWebDriver.execute(RemoteWebDriver.java:647)
	at org.openqa.selenium.remote.RemoteWebDriver.findElement(RemoteWebDriver.java:353)
	at org.openqa.selenium.remote.RemoteWebDriver.findElementByXPath(RemoteWebDriver.java:490)
	at org.openqa.selenium.By$ByXPath.findElement(By.java:361)
	at org.openqa.selenium.remote.RemoteWebDriver.findElement(RemoteWebDriver.java:345)
	at testNG_Log_Listeners.Sample_ListenerClass.Division(Sample_ListenerClass.java:50)
	at sun.reflect.NativeMethodAccessorImpl.invoke0(Native Method)
	at sun.reflect.NativeMethodAccessorImpl.invoke(Unknown Source)
	at sun.reflect.DelegatingMethodAccessorImpl.invoke(Unknown Source)
	at java.lang.reflect.Method.invoke(Unknown Source)
	at org.testng.internal.MethodInvocationHelper.invokeMethod(MethodInvocationHelper.java:85)
	at org.testng.internal.Invoker.invokeMethod(Invoker.java:639)
	at org.testng.internal.Invoker.invokeTestMethod(Invoker.java:821)
	at org.testng.internal.Invoker.invokeTestMethods(Invoker.java:1131)
	at org.testng.internal.TestMethodWorker.invokeTestMethods(TestMethodWorker.java:124)
	at org.testng.internal.TestMethodWorker.run(TestMethodWorker.java:108)
	at org.testng.TestRunner.privateRun(TestRunner.java:773)
	at org.testng.TestRunner.run(TestRunner.java:623)
	at org.testng.SuiteRunner.runTest(SuiteRunner.java:357)
	at org.testng.SuiteRunner.runSequentially(SuiteRunner.java:352)
	at org.testng.SuiteRunner.privateRun(SuiteRunner.java:310)
	at org.testng.SuiteRunner.run(SuiteRunner.java:259)
	at org.testng.SuiteRunnerWorker.runSuite(SuiteRunnerWorker.java:52)
	at org.testng.SuiteRunnerWorker.run(SuiteRunnerWorker.java:86)
	at org.testng.TestNG.runSuitesSequentially(TestNG.java:1185)
	at org.testng.TestNG.runSuitesLocally(TestNG.java:1110)
	at org.testng.TestNG.run(TestNG.java:1018)
	at org.testng.remote.RemoteTestNG.run(RemoteTestNG.java:111)
	at org.testng.remote.RemoteTestNG.initAndRun(RemoteTestNG.java:204)
	at org.testng.remote.RemoteTestNG.main(RemoteTestNG.java:175)
Caused by: org.openqa.selenium.NoSuchElementException: Unable to locate element: {"method":"xpath","selector":"/html/body/div[3]/div[1]/div[4]/a[2]/span[2]"}
For documentation on this error, please visit: http://seleniumhq.org/exceptions/no_such_element.html
Build info: version: '2.48.2', revision: '41bccdd', time: '2015-10-09 19:59:12'
System info: host: 'nirmala-pc', ip: '10.10.111.127', os.name: 'Windows 10', os.arch: 'amd64', os.version: '10.0', java.version: '1.8.0_73'
Driver info: driver.version: unknown
	at <anonymous class>.FirefoxDriver.prototype.findElementInternal_(file:///C:/Users/sravan/AppData/Local/Temp/anonymous507993577404261371webdriver-profile/extensions/fxdriver@googlecode.com/components/driver-component.js:10659)
	at <anonymous class>.FirefoxDriver.prototype.findElement(file:///C:/Users/sravan/AppData/Local/Temp/anonymous507993577404261371webdriver-profile/extensions/fxdriver@googlecode.com/components/driver-component.js:10668)
	at <anonymous class>.DelayedCommand.prototype.executeInternal_/h(file:///C:/Users/sravan/AppData/Local/Temp/anonymous507993577404261371webdriver-profile/extensions/fxdriver@googlecode.com/components/command-processor.js:12534)
	at <anonymous class>.DelayedCommand.prototype.executeInternal_(file:///C:/Users/sravan/AppData/Local/Temp/anonymous507993577404261371webdriver-profile/extensions/fxdriver@googlecode.com/components/command-processor.js:12539)
	at <anonymous class>.DelayedCommand.prototype.execute/<(file:///C:/Users/sravan/AppData/Local/Temp/anonymous507993577404261371webdriver-profile/extensions/fxdriver@googlecode.com/components/command-processor.js:12481)
]]>
            </full-stacktrace>
          </exception> <!-- org.openqa.selenium.NoSuchElementException -->
          <reporter-output>
          </reporter-output>
        </test-method> <!-- Division -->
        <test-method status="SKIP" signature="DependencyMethod()[pri:0, instance:testNG_Log_Listeners.Sample_ListenerClass@2471cca7]" name="DependencyMethod" duration-ms="0" started-at="2016-07-01T16:08:03Z" depends-on-methods="testNG_Log_Listeners.Sample_ListenerClass.Division" finished-at="2016-07-01T16:08:03Z">
          <exception class="java.lang.Throwable">
            <message>
              <![CDATA[Method Sample_ListenerClass.DependencyMethod()[pri:0, instance:testNG_Log_Listeners.Sample_ListenerClass@2471cca7] depends on not successfully finished methods]]>
            </message>
            <full-stacktrace>
              <![CDATA[java.lang.Throwable: Method Sample_ListenerClass.DependencyMethod()[pri:0, instance:testNG_Log_Listeners.Sample_ListenerClass@2471cca7] depends on not successfully finished methods
	at org.testng.internal.Invoker.invokeTestMethods(Invoker.java:1040)
	at org.testng.internal.TestMethodWorker.invokeTestMethods(TestMethodWorker.java:124)
	at org.testng.internal.TestMethodWorker.run(TestMethodWorker.java:108)
	at org.testng.TestRunner.privateRun(TestRunner.java:773)
	at org.testng.TestRunner.run(TestRunner.java:623)
	at org.testng.SuiteRunner.runTest(SuiteRunner.java:357)
	at org.testng.SuiteRunner.runSequentially(SuiteRunner.java:352)
	at org.testng.SuiteRunner.privateRun(SuiteRunner.java:310)
	at org.testng.SuiteRunner.run(SuiteRunner.java:259)
	at org.testng.SuiteRunnerWorker.runSuite(SuiteRunnerWorker.java:52)
	at org.testng.SuiteRunnerWorker.run(SuiteRunnerWorker.java:86)
	at org.testng.TestNG.runSuitesSequentially(TestNG.java:1185)
	at org.testng.TestNG.runSuitesLocally(TestNG.java:1110)
	at org.testng.TestNG.run(TestNG.java:1018)
	at org.testng.remote.RemoteTestNG.run(RemoteTestNG.java:111)
	at org.testng.remote.RemoteTestNG.initAndRun(RemoteTestNG.java:204)
	at org.testng.remote.RemoteTestNG.main(RemoteTestNG.java:175)
]]>
            </full-stacktrace>
          </exception> <!-- java.lang.Throwable -->
          <reporter-output>
          </reporter-output>
        </test-method> <!-- DependencyMethod -->
        <test-method status="PASS" signature="Login_Trello()[pri:0, instance:testNG_Log_Listeners.Sample_ListenerClass@2471cca7]" name="Login_Trello" duration-ms="197" started-at="2016-07-01T16:08:03Z" depends-on-methods="testNG_Log_Listeners.Sample_ListenerClass.Navigating_Browser" finished-at="2016-07-01T16:08:03Z">
          <reporter-output>
          </reporter-output>
        </test-method> <!-- Login_Trello -->
        <test-method status="PASS" signature="Logout_Trello()[pri:0, instance:testNG_Log_Listeners.Sample_ListenerClass@2471cca7]" name="Logout_Trello" duration-ms="3611" started-at="2016-07-01T16:08:03Z" depends-on-methods="testNG_Log_Listeners.Sample_ListenerClass.Login_Trello" finished-at="2016-07-01T16:08:07Z">
          <reporter-output>
          </reporter-output>
        </test-method> <!-- Logout_Trello -->
        <test-method status="PASS" signature="Close_Browser()[pri:0, instance:testNG_Log_Listeners.Sample_ListenerClass@2471cca7]" name="Close_Browser" duration-ms="1181" started-at="2016-07-01T16:08:07Z" depends-on-methods="testNG_Log_Listeners.Sample_ListenerClass.Logout_Trello" finished-at="2016-07-01T16:08:08Z">
          <reporter-output>
          </reporter-output>
        </test-method> <!-- Close_Browser -->
      </class> <!-- testNG_Log_Listeners.Sample_ListenerClass -->
    </test> <!-- Test -->
  </suite> <!-- Suite -->
</testng-results>
