<?xml version="1.0" encoding="UTF-8"?>
<!-- Generated by org.testng.reporters.JUnitXMLReporter -->
<testsuite hostname="nirmala-pc" name="Default test" tests="4" failures="0" timestamp="1 Jul 2016 07:18:09 GMT" time="14.07" errors="0">
  <testcase name="Navigating_Browser" time="4.234" classname="testNG_Log_Listeners.Sample_ListenerClass"/>
  <testcase name="Login_Trello" time="3.094" classname="testNG_Log_Listeners.Sample_ListenerClass"/>
  <testcase name="Logout_Trello" time="4.798" classname="testNG_Log_Listeners.Sample_ListenerClass"/>
  <testcase name="Close_Browser" time="1.944" classname="testNG_Log_Listeners.Sample_ListenerClass"/>
</testsuite> <!-- Default test -->
