<?xml version="1.0" encoding="UTF-8"?>
<!-- Generated by org.testng.reporters.JUnitXMLReporter -->
<testsuite hostname="nirmala-pc" name="TrelloTest" tests="6" failures="0" timestamp="3 Jun 2016 11:23:29 GMT" time="11.718" errors="0">
  <testcase name="Init" time="4.996" classname="testNGDependencyTest.Trello_Navigate"/>
  <testcase name="Enter_Username" time="2.076" classname="testNGDependencyTest.Trello_Login"/>
  <testcase name="Enter_Password" time="0.066" classname="testNGDependencyTest.Trello_Login"/>
  <testcase name="Login_Click" time="3.711" classname="testNGDependencyTest.Trello_Login"/>
  <testcase name="Profile_Click" time="0.716" classname="testNGDependencyTest.Trello_LogOut"/>
  <testcase name="LogOut_Click" time="0.131" classname="testNGDependencyTest.Trello_LogOut"/>
</testsuite> <!-- TrelloTest -->
