<?xml version="1.0" encoding="UTF-8"?>
<!-- Generated by org.testng.reporters.JUnitReportReporter -->
<testsuite hostname="nirmala-pc" name="testNG_Annotations.Gmail_Login" tests="7" failures="0" timestamp="7 Jun 2016 10:18:00 GMT" time="27.173" errors="0">
  <testcase name="NextButton_Click" time="1.241" classname="testNG_Annotations.Gmail_Login"/>
  <testcase name="Enter_Password" time="0.108" classname="testNG_Annotations.Gmail_Login"/>
  <testcase name="Enter_Username" time="2.422" classname="testNG_Annotations.Gmail_Login"/>
  <testcase name="SignOut_Click" time="3.407" classname="testNG_Annotations.Gmail_Login"/>
  <testcase name="SignIn_Click" time="1.327" classname="testNG_Annotations.Gmail_Login"/>
  <testcase name="Navigating_GmailPage" time="0.030" classname="testNG_Annotations.Gmail_Login"/>
  <testcase name="Profile_Click" time="18.638" classname="testNG_Annotations.Gmail_Login"/>
</testsuite> <!-- testNG_Annotations.Gmail_Login -->
