<?xml version="1.0" encoding="UTF-8"?>
<!-- Generated by org.testng.reporters.JUnitReportReporter -->
<testsuite hostname="nirmala-pc" name="testNGDependencyTest.Trello_Login" tests="3" failures="0" timestamp="3 Jun 2016 11:23:29 GMT" time="5.853" errors="0">
  <testcase name="Enter_Username" time="2.076" classname="testNGDependencyTest.Trello_Login"/>
  <testcase name="Enter_Password" time="0.066" classname="testNGDependencyTest.Trello_Login"/>
  <testcase name="Login_Click" time="3.711" classname="testNGDependencyTest.Trello_Login"/>
</testsuite> <!-- testNGDependencyTest.Trello_Login -->
