<?xml version="1.0" encoding="UTF-8"?>
<!-- Generated by org.testng.reporters.JUnitReportReporter -->
<testsuite hostname="nirmala-pc" name="testNG_Annotations.Sample_TestNGClass" tests="2" failures="0" timestamp="1 Jun 2016 07:47:30 GMT" time="0.001" errors="0">
  <testcase name="testAdd" time="0.001" classname="testNG_Annotations.Sample_TestNGClass"/>
  <testcase name="testSub" time="0.000" classname="testNG_Annotations.Sample_TestNGClass"/>
</testsuite> <!-- testNG_Annotations.Sample_TestNGClass -->
