<?xml version="1.0" encoding="UTF-8"?>
<!-- Generated by org.testng.reporters.JUnitReportReporter -->
<testsuite hostname="nirmala-pc" name="testNGDependencyTest.Trello_LogOut" tests="2" failures="0" timestamp="3 Jun 2016 11:23:29 GMT" time="0.847" errors="0">
  <testcase name="Profile_Click" time="0.716" classname="testNGDependencyTest.Trello_LogOut"/>
  <testcase name="LogOut_Click" time="0.131" classname="testNGDependencyTest.Trello_LogOut"/>
</testsuite> <!-- testNGDependencyTest.Trello_LogOut -->
