<?xml version="1.0" encoding="UTF-8"?>
<!-- Generated by org.testng.reporters.JUnitReportReporter -->
<testsuite hostname="nirmala-pc" name="testNG_Annotations.SampleClass" tests="4" failures="0" timestamp="1 Jun 2016 07:47:30 GMT" time="0.005" errors="0">
  <testcase name="Test3" time="0.002" classname="testNG_Annotations.SampleClass"/>
  <testcase name="Test2" time="0.001" classname="testNG_Annotations.SampleClass"/>
  <testcase name="Test1" time="0.001" classname="testNG_Annotations.SampleClass"/>
  <testcase name="Test4" time="0.001" classname="testNG_Annotations.SampleClass"/>
</testsuite> <!-- testNG_Annotations.SampleClass -->
