<?xml version="1.0" encoding="UTF-8"?>
<!-- Generated by org.testng.reporters.JUnitReportReporter -->
<testsuite hostname="nirmala-pc" name="testNG_Listener.Sample_TestNGListenerClass" tests="3" failures="0" timestamp="7 Jun 2016 10:18:00 GMT" time="40.289" errors="0">
  <testcase name="Navigate_ToolSQA" time="29.908" classname="testNG_Listener.Sample_TestNGListenerClass"/>
  <testcase name="Navigate_Google" time="10.370" classname="testNG_Listener.Sample_TestNGListenerClass"/>
  <testcase name="ParameterAnnotation_Class" time="0.011" classname="testNG_Listener.Sample_TestNGListenerClass"/>
</testsuite> <!-- testNG_Listener.Sample_TestNGListenerClass -->
