<?xml version="1.0" encoding="UTF-8"?>
<!-- Generated by org.testng.reporters.JUnitReportReporter -->
<testsuite hostname="nirmala-pc" name="testNGDependencyTest.DependencySampleClass" tests="2" failures="0" timestamp="3 Jun 2016 07:33:09 GMT" time="0.001" errors="0">
  <testcase name="SignUp" time="0.001" classname="testNGDependencyTest.DependencySampleClass"/>
  <testcase name="SignIn" time="0.000" classname="testNGDependencyTest.DependencySampleClass"/>
</testsuite> <!-- testNGDependencyTest.DependencySampleClass -->
