<?xml version="1.0" encoding="UTF-8"?>
<!-- Generated by org.testng.reporters.JUnitReportReporter -->
<testsuite hostname="nirmala-pc" name="testNGDependencyTest.DependencyClass" tests="2" failures="0" timestamp="3 Jun 2016 07:33:09 GMT" time="0.011" errors="0">
  <testcase name="Init" time="0.002" classname="testNGDependencyTest.DependencyClass"/>
  <testcase name="CleanUp" time="0.009" classname="testNGDependencyTest.DependencyClass"/>
</testsuite> <!-- testNGDependencyTest.DependencyClass -->
