<?xml version="1.0" encoding="UTF-8"?>
<!-- Generated by org.testng.reporters.JUnitReportReporter -->
<testsuite hostname="nirmala-pc" name="testNGDependencyTest.DependencyTest" tests="3" failures="0" timestamp="3 Jun 2016 06:17:12 GMT" time="0.010" errors="0">
  <testcase name="testOne" time="0.000" classname="testNGDependencyTest.DependencyTest"/>
  <testcase name="testThree" time="0.009" classname="testNGDependencyTest.DependencyTest"/>
  <testcase name="testTwo" time="0.001" classname="testNGDependencyTest.DependencyTest"/>
</testsuite> <!-- testNGDependencyTest.DependencyTest -->
