<?xml version="1.0" encoding="UTF-8"?>
<!-- Generated by org.testng.reporters.JUnitReportReporter -->
<testsuite hostname="nirmala-pc" name="testNGDependencyTest.Dependency_GroupTest" tests="2" failures="0" timestamp="3 Jun 2016 07:33:09 GMT" time="0.000" errors="0">
  <testcase name="Dependency_GroupTestMethod2" time="0.000" classname="testNGDependencyTest.Dependency_GroupTest"/>
  <testcase name="Dependency_GroupTestMethod1" time="0.000" classname="testNGDependencyTest.Dependency_GroupTest"/>
</testsuite> <!-- testNGDependencyTest.Dependency_GroupTest -->
