<?xml version="1.0" encoding="UTF-8"?>
<!-- Generated by org.testng.reporters.JUnitReportReporter -->
<testsuite hostname="nirmala-pc" name="testNG_Annotations.GmailLogin_DataDriven" tests="3" failures="0" timestamp="1 Jun 2016 07:04:35 GMT" time="20.058" errors="0">
  <testcase name="NavigatingToSeleniumEasySite" time="7.405" classname="testNG_Annotations.GmailLogin_DataDriven"/>
  <testcase name="ClickOnSelenium" time="11.823" classname="testNG_Annotations.GmailLogin_DataDriven"/>
  <testcase name="ClickOnSomeLink" time="0.830" classname="testNG_Annotations.GmailLogin_DataDriven"/>
</testsuite> <!-- testNG_Annotations.GmailLogin_DataDriven -->
