<?xml version="1.0" encoding="UTF-8"?>
<!-- Generated by org.testng.reporters.JUnitReportReporter -->
<testsuite hostname="nirmala-pc" name="testNG_Annotations.SampleTestNG_Class" tests="3" failures="0" timestamp="1 Jun 2016 07:47:30 GMT" time="13.382" errors="0">
  <testcase name="NavigatingToSeleniumEasySite" time="4.828" classname="testNG_Annotations.SampleTestNG_Class"/>
  <testcase name="ClickOnSomeLink" time="0.673" classname="testNG_Annotations.SampleTestNG_Class"/>
  <testcase name="ClickOnSelenium" time="7.881" classname="testNG_Annotations.SampleTestNG_Class"/>
</testsuite> <!-- testNG_Annotations.SampleTestNG_Class -->
