<?xml version="1.0" encoding="UTF-8"?>
<!-- Generated by org.testng.reporters.JUnitXMLReporter -->
<testsuite hostname="nirmala-pc" name="Report Test" tests="1" failures="1" timestamp="30 May 2016 09:59:16 GMT" time="0.023" errors="0">
  <testcase name="GetAttribute" time="0.009" classname="testNG_Annotations.Scrolling_WebPage">
    <failure type="java.lang.NullPointerException">
      <![CDATA[java.lang.NullPointerException
	at testNG_Annotations.Scrolling_WebPage.GetAttribute(Scrolling_WebPage.java:63)
... Removed 24 stack frames]]>
    </failure>
  </testcase> <!-- GetAttribute -->
</testsuite> <!-- Report Test -->
