<?xml version="1.0" encoding="UTF-8"?>
<!-- Generated by org.testng.reporters.JUnitXMLReporter -->
<testsuite hostname="nirmala-pc" name="P1 Test" tests="4" failures="0" timestamp="1 Jun 2016 09:25:24 GMT" time="8.805" errors="0">
  <testcase name="Navigating_GmailPage" time="0.254" classname="testNG_Annotations.Gmail_Login"/>
  <testcase name="Enter_Username" time="1.709" classname="testNG_Annotations.Gmail_Login"/>
  <testcase name="NextButton_Click" time="1.457" classname="testNG_Annotations.Gmail_Login"/>
  <testcase name="Enter_Password" time="0.08" classname="testNG_Annotations.Gmail_Login"/>
</testsuite> <!-- P1 Test -->
