<?xml version="1.0" encoding="UTF-8"?>
<!-- Generated by org.testng.reporters.JUnitXMLReporter -->
<testsuite hostname="nirmala-pc" name="Test2" tests="4" failures="0" timestamp="1 Jun 2016 09:18:11 GMT" time="8.476" errors="0">
  <testcase name="Navigating_GmailPage" time="0.224" classname="testNG_Annotations.Gmail_Login"/>
  <testcase name="Enter_Username" time="1.883" classname="testNG_Annotations.Gmail_Login"/>
  <testcase name="NextButton_Click" time="1.439" classname="testNG_Annotations.Gmail_Login"/>
  <testcase name="Enter_Password" time="0.14" classname="testNG_Annotations.Gmail_Login"/>
</testsuite> <!-- Test2 -->
