<?xml version="1.0" encoding="UTF-8"?>
<!-- Generated by org.testng.reporters.JUnitXMLReporter -->
<testsuite hostname="nirmala-pc" name="TestCase1" tests="6" failures="0" timestamp="3 Jun 2016 07:33:09 GMT" time="0.032" errors="0">
  <testcase name="CleanUp" time="0.009" classname="testNGDependencyTest.DependencyClass"/>
  <testcase name="Dependency_GroupTestMethod1" time="0.0" classname="testNGDependencyTest.Dependency_GroupTest"/>
  <testcase name="Dependency_GroupTestMethod2" time="0.0" classname="testNGDependencyTest.Dependency_GroupTest"/>
  <testcase name="Init" time="0.002" classname="testNGDependencyTest.DependencyClass"/>
  <testcase name="SignIn" time="0.0" classname="testNGDependencyTest.DependencySampleClass"/>
  <testcase name="SignUp" time="0.001" classname="testNGDependencyTest.DependencySampleClass"/>
</testsuite> <!-- TestCase1 -->
